<?xml version="1.0" encoding="UTF-8"?>
<!-- Generated by org.testng.reporters.JUnitReportReporter -->
<testsuite hostname="ASISH" failures="0" tests="3" name="com.Vtiger.LeadsTestCases.LeadsMultipleData" time="68.106" errors="0" timestamp="2024-02-08T15:52:13 IST" skipped="0">
  <testcase classname="com.Vtiger.LeadsTestCases.LeadsMultipleData" name="createleads_withmultipledata" time="25.650"/>
  <system-out/>
  <testcase classname="com.Vtiger.LeadsTestCases.LeadsMultipleData" name="createleads_withmultipledata" time="20.209"/>
  <system-out/>
  <testcase classname="com.Vtiger.LeadsTestCases.LeadsMultipleData" name="createleads_withmultipledata" time="22.247"/>
  <system-out/>
</testsuite> <!-- com.Vtiger.LeadsTestCases.LeadsMultipleData -->
