<?xml version="1.0" encoding="UTF-8"?>
<!-- Generated by org.testng.reporters.JUnitReportReporter -->
<testsuite hostname="ASISH" failures="0" tests="1" name="com.Vtiger.LeadsTestCases.Createleadfromdropdownlist" time="21.862" errors="0" timestamp="2024-02-09T00:46:46 IST" skipped="0">
  <testcase classname="com.Vtiger.LeadsTestCases.Createleadfromdropdownlist" name="leadscreatpopup" time="21.862"/>
  <system-out/>
</testsuite> <!-- com.Vtiger.LeadsTestCases.Createleadfromdropdownlist -->
