<?xml version="1.0" encoding="UTF-8"?>
<!-- Generated by org.testng.reporters.JUnitReportReporter -->
<testsuite hostname="ASISH" failures="0" tests="3" name="com.AutomationProject.genric.DataProvider" time="0.026" errors="0" timestamp="2024-02-08T15:29:17 IST" skipped="0">
  <testcase classname="com.AutomationProject.genric.DataProvider" name="m1" time="0.012"/>
  <system-out/>
  <testcase classname="com.AutomationProject.genric.DataProvider" name="m1" time="0.003"/>
  <system-out/>
  <testcase classname="com.AutomationProject.genric.DataProvider" name="m1" time="0.011"/>
  <system-out/>
</testsuite> <!-- com.AutomationProject.genric.DataProvider -->
