<?xml version="1.0" encoding="UTF-8"?>
<!-- Generated by org.testng.reporters.JUnitReportReporter -->
<testsuite hostname="ASISH" failures="0" tests="1" name="com.Vtiger.LeadsTestCases.EditleadsTest" time="58.240" errors="0" timestamp="2024-02-12T21:50:17 IST" skipped="0">
  <testcase classname="com.Vtiger.LeadsTestCases.EditleadsTest" name="editleads" time="58.240"/>
  <system-out/>
</testsuite> <!-- com.Vtiger.LeadsTestCases.EditleadsTest -->
