<?xml version="1.0" encoding="UTF-8"?>
<!-- Generated by org.testng.reporters.JUnitReportReporter -->
<testsuite hostname="ASISH" failures="0" tests="1" name="Createleadfromdropdownlist" time="22.956" errors="0" timestamp="2024-02-09T00:10:54 IST" skipped="0">
  <testcase classname="Createleadfromdropdownlist" name="leadscreatpopup" time="22.956"/>
  <system-out/>
</testsuite> <!-- Createleadfromdropdownlist -->
