<?xml version="1.0" encoding="UTF-8"?>
<!-- Generated by org.testng.reporters.JUnitReportReporter -->
<testsuite hostname="ASISH" failures="0" tests="1" name="com.Vtiger.LeadsTestCases.CDTest" time="11.510" errors="0" timestamp="2024-02-11T11:39:14 IST" skipped="0">
  <testcase classname="com.Vtiger.LeadsTestCases.CDTest" name="creatduplicate1" time="11.510"/>
  <system-out/>
</testsuite> <!-- com.Vtiger.LeadsTestCases.CDTest -->
