<?xml version="1.0" encoding="UTF-8"?>
<!-- Generated by org.testng.reporters.JUnitReportReporter -->
<testsuite hostname="ASISH" failures="0" tests="1" name="com.AutomationProject.genric.Javautils" time="0.055" errors="0" timestamp="2024-01-31T15:53:24 IST" skipped="0">
  <testcase classname="com.AutomationProject.genric.Javautils" name="m1" time="0.055"/>
  <system-out/>
</testsuite> <!-- com.AutomationProject.genric.Javautils -->
