<?xml version="1.0" encoding="UTF-8"?>
<!-- Generated by org.testng.reporters.JUnitReportReporter -->
<testsuite hostname="ASISH" failures="0" tests="1" name="com.AutomationProject.genric.BaseClass" time="9.626" errors="0" timestamp="2024-02-01T20:56:22 IST" skipped="0">
  <testcase classname="com.AutomationProject.genric.BaseClass" name="m1" time="9.626"/>
  <system-out/>
</testsuite> <!-- com.AutomationProject.genric.BaseClass -->
