<?xml version="1.0" encoding="UTF-8"?>
<!-- Generated by org.testng.reporters.JUnitReportReporter -->
<testsuite hostname="ASISH" failures="0" tests="1" name="com.Vtiger.LeadsTestCases.Createduplicateleads" time="29.570" errors="0" timestamp="2024-02-12T21:01:28 IST" skipped="0">
  <testcase classname="com.Vtiger.LeadsTestCases.Createduplicateleads" name="duplicatelead" time="29.570"/>
  <system-out/>
</testsuite> <!-- com.Vtiger.LeadsTestCases.Createduplicateleads -->
